a  10476  10477  11573      1    .626961   2.268703  54.443848
a  10476  10477  11569      1    .626961    .277556  54.443848
a  10476  11573  10477      1    .908185   2.315559  54.443848
a  10476  11573  11569      1    .281224    .221329  54.443848
a  10476  11569  10477      1    .091815    .439394  54.443848
a  10476  11569  11573      1    .091815    .560606  54.443848
a  10764  16967  16968      1    .382424   1.730064  23.484884
a  10764  16967  16938      1    .382424   1.096929  23.484884
a  10764  16968  16967      1    .382424   1.818182  23.484884
a  10764  16968  16938      0    .000000    .000000  23.484884
a  10764  16938  16967      1    .617576   1.000000  23.484884
a  10764  16938  16968      0    .617576    .000000  23.484884
a  10881 100697  10887      1    .283353    .000000 180.000000
a  10881 100697  10907      1    .283353   1.000000 180.000000
a  10881  10887 100697      1    .392717    .000000 180.000000
a  10881  10887  10907      1    .392717   1.000000 180.000000
a  10881  10907 100697      1    .040577    .700051 180.000000
a  10881  10907  10887      1    .433294    .299949 180.000000
a  10974  10986 100226      1    .438196    .021089  62.220367
a  10974  10986  10981      1    .230160    .072104  62.220367
a  10974  10986     63      1    .438196    .906807  62.220367
a  10974 100226  10986      1    .239505    .074404  62.220367
a  10974 100226  10981      1    .239505    .719239  62.220367
a  10974 100226     63      1    .031469    .206357  62.220367
a  10974  10981  10986      1    .458902    .083019  62.220367
a  10974  10981 100226      1    .054837   1.000000  62.220367
a  10974  10981     63      1    .458902   2.430818  62.220367
a  10974     63  10986      1    .071433   1.000000  62.220367
a  10974     63 100226      1    .475498    .050000  62.220367
a  10974     63  10981      1    .475498   2.458333  62.220367
a  10981  10992 100278      1    .003249   1.000000  47.008068
a  10981  10992  10995      1    .000000   1.000000  47.008068
a  10981  10992  10974      1    .003249   1.000000  47.008068
a  10981 100278  10992      1    .003249    .000000  47.008068
a  10981 100278  10995      1    .003249   1.000000  47.008068
a  10981 100278  10974      1    .000000    .000000  47.008068
a  10981  10995  10992      1    .996751    .000000  47.008068
a  10981  10995 100278      1    .004332   1.000000  47.008068
a  10981  10995  10974      1    .996751   1.818182  47.008068
a  10981  10974  10992      1    .000000   1.000000  47.008068
a  10981  10974 100278      1    .992418    .000000  47.008068
a  10981  10974  10995      1    .992418   1.818182  47.008068
a  11015  11014  16945      1    .860956    .559021  32.914577
a  11015  11014  16944      1    .453578    .435897  32.914577
a  11015  11014  16958      1    .860956    .005082  32.914577
a  11015  16945  11014      1    .407378   1.000000  32.914577
a  11015  16945  16944      1    .407378    .000000  32.914577
a  11015  16945  16958      1    .000000    .000000  32.914577
a  11015  16944  11014      1    .064490    .909091  32.914577
a  11015  16944  16945      1    .000000    .000000  328    .4577
a  11015  16944  16958      1    .064490    .090909  328    .4577
a  11015  16958  11014      1    .074554    .277692  32.914577
a  11015  16958  16945      1    .1316944    .032103  32.914577
a  11015  16958  16944      1    .139044    .690206  32.914577
a  11020  11016  11017      1    .143982    .055163 180.000000
a  11020  11016  11021      1    .092878    .862093 180.000000
a  11020  11016 100344      1    .143982    .082744 180.000000
a  11020  11017  11016      1    .099418    .734826 180.000000
a  11020  11017  11021      1    .099418    .174365 180.000000
a  11020  11017 100344      1    .048314    .090809 180.000000
a  11020  11021  11016      1    .602993    .857788 180.000000
a  11020  11021  11017      1    .080495    .006813 180.000000
a  11020  11021 100344      1    .602993   1.135399 180.000000
a  11020 100344  11016      1    .204711    .024111 180.000000
a  11020 100344  11017      1    .727209    .234650 180.000000
a  11020 100344  11021      1    .727209    .741239 180.000000
a  11042  11047  11051      1    .262978    .003735 112.434135
a  11042  11047 100752      1    .209 3114    .925301 112.434135
a  11042  11047  11041      1    .262978    .070964 112.434135
a  11042  11051  11047      1    .143437   1.000000 112.434135
a  11042  11051 100752      1    .143437   1.000000 112.434135
a  11042  11051  11041      1    .053573   1.000000 112.434135
a  11042 100752  11047      1    .534171    .426506 112.434135
a  11042 100752  11051      1    .000000    .000000 112.434135
a  11042 100752  11041      1    .534171    .573494 112.434135
a  11042  11041  11047      1    .149278    .050243 112.434135
a  11042  11041  11051      1    .683450    .001003 112.434135
a  11042  11041 100752      1    .683450    .948754 112.434135
a  11047  11045  11042      1    .489175   1.000000  35.177036
a  11047  11045 100756      1    .024847   1.000000  35.177036
a  11047  11045  11044      1    .489175    .000000  35.177036
a  11047  11042  11045      1    .803475   1.613300  35.177036
a  11047  11042 100756      1    .803475    .005581  35.177036
a  11047  11042  11044      1    .339147    .219789  35.177036
a  11047 100756  11045      1    .171678    .730696  35.177036
a  11047 100756  11042      1    .120671    .051477  35.177036
a  11047 100756  11044      1    .171678   1.217827  35.177036
a  11047  11044  11045      1    .000000    .000000  35.177036
a  11047  11044  11042      1    .051007    .000000  35.177036
a  11047  11044 100756      1    .051007   1.000000  35.177036
a  11148  11212  11213      1    .063018    .129630  42.472858
a  11148  11212  11214      1    .062554   1.000000  42.472858
a  11148  11212  11147      1    .063018    .870370  42.472858
a  11148  11213  11212      1    .062623    .073992  42.472858
a  11148  11213  11214      1    .062623    .776918  42.472858
a  11148  11213  11147      1    .062158    .149090  42.472858
a  11148  11214  11212      1    .856289    .179692  42.472858
a  11148  11214  11213      1    .062554   1.000000  42.472858
a  11148  11214  11147      1    .856289   2.350257  42.472858
a  11148  11147  11212      1    .018534   1.000000  42.472858
a  11148  11147  11213      1    .812270    .036169  42.472858
a  11148  11147  11214      1    .812270   2.469859  42.472858
a  11199  11203  11207      1    .291760    .144409 180.000000
a  11199  11203  11197      1    .291760    .855591 180.000000
a  11199  11207  11203      1    .064253    .450820 180.000000
a  11199  11207  11197      1    .064253   1.408346 180.000000
a  11199  11197  11203      1    .402243    .897474 180.000000
a  11199  11197  11207      1    .466495   1.1025 110280.000000
a  11218  11252 100319      1    .132787   1.103614 180.000000
a  11218  11252  11251      1    .150386   1.000000 180.000000
a  11218  11252 100318      1    .132787    .896386 180.000000
a  11218 100319  1125       1    .183982   2.100390 180.000000
a  11218 100319  11251      1    .183982    .479532 180.000000
a  11218 100319 100318      1    .201581   1.000000 180.000000
a  11218  11251  1125       0    .478130    .000000 180.000000
a  11218  11251 100319      1    .203500   1.000000 180.000000
a  11218  11251 100318      1    .478130   1.818182 180.000000
a  11218 100318  11252      1    .187502   1.000000 180.000000
a  11218 100318 100319      1    .462132    .199219 180.000000
a  11218 100318  11251      1    .462132   2.333984 180.000000
a  11252  11253  11250      1    .012674    .501433  38.702454
a  11252  11253  11218      1    .012674    .498567  38.702454
a  11252  11250  11253      1    .214367    .019651  38.702454
a  11252  11250  11218      1    .976825    .980349  38.702454
a  11252  11218  11253      1    .762458    .009669  38.702454
a  11252  11218  11250      1    .762458    .990331  38.702454
a  11323 100461  11341      1    .426362    .415042  46.842049
a  11323 100461  11320      1    .426362    .584958  46.842049
a  11323  11341 100461      1    .118229   1.627323  46.842049
a  11323  11341  11320      1    .118229    .209945  46.842049
a  11323  11320 100461      1    .102137   1.000000  46.842049
a  11323  11320  11341      1    .220366   1.000000  46.842049
a  11482  11481  11543      1    .143988    .485131  35.546722
a  11482  11481  11667      1    .011701    .223790  35.546722
a  11482  11481  11472      1    .143988    .291079  35.546722
a  11482  11543  11481      1    .300679    .718371  35.546722
a  11482  11543  11667      1    .300679    .172773  35.546722
a  11482  11543  11472      1    .168393    .108856  35.546722
a  11482  11667  11481      1    .465033    .053983  35.546722
a  11482  11667  11543      1    .275290    .180735  35.546722
a  11482  11667  11472      1    .465033    .765283  35.546722
a  11482  11472  11481      1    .222587    .294117  35.546722
a  11482  11472  11543      1    .412329    .055912  35.546722
a  11482  11472  11667      1    .412329    .649972  35.546722
a  11558  11560  11562      1    .004132   1.000000  30.919218
a  11558  11560  11559      0    .004132    .000000  30.919218
a  11558  11562  11560      0    .000000    .000000  30.919218
a  11558  11562  11559      1    .99209 36   1.000000  30.919218
a  11558  11559  11560      1    .991736    .005556  30.919218
a  11558  11559  11562      1    .992736    .994444  30.919218
59  62   3045  11563      1    .018560   1.000000  49.723701
a  11562   3045  11561      1    .000000   1.000000  49.723701
59  62   3045  11558      1    .018560   1.000000  49.723701
a  11562  11563   3045      1    .040959    .000000  49.723701
59  62  11563  11561      1    .040959    .325582  49.723701