a  10476  10477  11573      1    .547805   2.223597  40.327969
a  10476  10477  11569      1    .547805    .331683  40.327969
a  10476  11573  10477      1    .893110   2.2922ﻓ 140.327969
a  10476  11573  11569      1    .345305    .249249 140.327969
a  10476  11569  10477      1    .106890    .402594 140.327969
a  10476  11569  11573      1    .106890    .597406  40.327969
a  10764  16967  16968      1    .404778   1.877243  27.511566
a  10764  16967  16938      1    .404778    .935033  27.511566
a  10764  16968  16967      1    .404778   1.818182  27.511566
a  10764  16968  16938      0    .000000    .000000  27.511566
a  10764  16938  16967      1    .595222   1.000000  27.511566
a  10764  16938  16968      0    .595222    .000000  27.511566
a  10881 100697  10887      1    .287356    .000000 180.000000
a  10881 100697  10907      1    .287356   1.000000 180.000000
a  10881  10887 100697      1    .378399    .000000 180.000000
a  10881  10887  10907      1    .378399   1.000000 180.000000
a  10881  10907 100697      1    .046890    .750874 180.000000
a  10881  10907  10887      1    .425289    .249126 180.000000
a  10974  10986 100226      1    .084621    .116948  48.059727
a  10974  10986  10981      1    .079583    .467237  48.059727
a  10974  1098