a  10476  10477  11573      1    .547309   2.223597  40.425888
a  10476  10477  11569      1    .547309    .331683  40.425888
a  10476  11573  10477      1    .893325   2.289747  40.425888
a  10476  11573  11569      1    .346017    .252304  40.425888
a  10476  11569  10477      1    .106675    .402594  40.425888
a  10476  11569  11573      1    .106675    .597406  40.425888
a  10764  16967  16968      1    .420617   1.878591  28.098896
a  10764  16967  16938      1    .420617    .933549  28.098896
a  10764  16968  16967      1    .420617   1.818182  28.098896
a  10764  16968  16938      0    .000000    .000000  28.098896
a  10764  16938  16967      1    .579383   1.000000  28.098896
a  10764  16938  16968      0    .579383    .000000  28.098896
a  10881 100697  10887      1    .285690    .000000 180.000000
a  10881 100697  10907      1    .285690   1.000000 180.000000
a  10881  10887 100697      1    .381157    .000000 180.000000
a  10881  10887  10907      1    .381157   1.000000 180.000000
a  10881  10907 100697      1    .047463    .758032 180.000000
a  10881  10907  10887      1    .428620    .241968 180.000000
a  10974  10986 100226      1    .084621    .116948  48.059727
a  10974  10986  10981      1    .079583    .467237  48.059727
a  10974  10986     63      1    .084621    .415815  48.059727
a  10974 100226  10986      1    .081759    .071794  48.059727
a  10974 100226  10981      1    .081759    .789730  48.059727
a  10974 100226     63      1    .076721    .138476  48.059727
a  10974  10981  10986      1    .729231    .073427  48.059727
a  10974  10981 100226      1    .078618   1.000000  48.059727
a  10974  10981     63      1    .729231   2.438811  48.059727
a  10974     63  10986      1    .109427   1.000000  48.059727
a  10974     63 100226      1    .760040    .056934  48.059727
a  10974     63  10981      1    .760040   2.452555  48.059727
a  10981  10992 100278      1    .002021   1.000000  50.891216
a  10981  10992  10995      1    .000000   1.000000  50.891216
a  10981  10992  10974      1    .002021   1.000000  50.891216
a  10981 100278  10992      1    .002021    .000000  50.891216
a  10981 100278  10995      1    .002021   1.000000  50.891216
a  10981 100278  10974      1    .000000    .000000  50.891216
a  10981  10995  10992      1    .997979    .000000  50.891216
a  10981  10995 100278      1    .003032   1.000000  50.891216
a  10981  10995  10974      1    .997979   1.818182  50.891216
a  10981  10979  195  2      1    .000000   1.000000  50.891216
a  10981  10974 100278      1    .994947    .000000  50.891216
a  10981  10974  10995      1    .994947   1.818182  50.891216
a  16015  11014  16945      1    .908504    .599582  26.482136
a  11015  16014  16944      1    .482841    .388661  26.482136
a  11015  11014  16958      1    .908504    .011757  26.482136
a  1101  1    .96945  11014      1    .425663   1.000000  26.482136
a  11015  16945  16944      1    .425663    .000000  26.482136
a  11015  16945  16958      1    .000000    .000000  26.482136
a  11015  16944  11014      1    .042174    .875000  26.482136
a  1101   16944  16945      1    .000000    .000000  26.482136
a  1101  1    .96944  16958      1    .042174    .125000  26.482136
a  11015  16958  11014      1    .049322    .050731  26.482136
a  11015  16958  16945      1    .091496    .059329  26.482136
a  1601  1    .96958  16944      1    .091496    .889940  26.482136
a  11020  16016  11017      1    .235099    .070950  93.157455
a  11020  11016  11021      1    .144315    .878968  93.157455
a  11020  11016 100344      1    .235099    .050082  93.157455
a  11020  11017  11016      1    .148262    .523925  93.157455
a  11020  11017  11021      1    .148262    .174642  93.157455
a  11020  11017 100344      1    .057477    .301433  93.157455
a  11020  11021  11016      1    .522859    .858027  93.157455
a  11020  11021  11017      1    .110203    .033689  93.157455
a  11020  11021 100344      1    .522859   1.108284  93.157455
a  11020 100344  11